[2026-06-22T09:19:12.960767600] 로컬 레거시 SMS 게이트웨이 시작 - port: 9000, log: C:\Users\20200161\Desktop\PreCheck_work\Precheck_project\Precheck_SKSCh1\precheck_collect\notify\logs\local-legacy-server.log
[2026-06-22T09:25:07.494478100] 로컬 레거시 SMS 게이트웨이 시작 - port: 9000, log: C:\Users\20200161\Desktop\PreCheck_work\Precheck_project\Precheck_SKSCh1\precheck_collect\notify\logs\local-legacy-server.log
[2026-06-22T09:44:04.595015700] 로컬 레거시 SMS 게이트웨이 시작 - port: 9000, log: C:\Users\20200161\Desktop\PreCheck_work\Precheck_project\Precheck_SKSCh1\precheck_collect\notify\logs\local-legacy-server.log
[2026-06-22T09:47:22.257226800] 로컬 레거시 SMS 게이트웨이 시작 - port: 9000, log: C:\Users\20200161\Desktop\PreCheck_work\Precheck_project\Precheck_SKSCh1\precheck_collect\notify\logs\local-legacy-server.log
[2026-06-22T09:48:01.822898600] 로컬 레거시 SMS 게이트웨이 시작 - port: 9000, log: C:\Users\20200161\Desktop\PreCheck_work\Precheck_project\Precheck_SKSCh1\precheck_collect\notify\logs\local-legacy-server.log
[2026-06-22T09:58:08.316057300] 로컬 레거시 SMS 게이트웨이 시작 - port: 9000, log: C:\Users\20200161\Desktop\PreCheck_work\Precheck_project\Precheck_SKSCh1\precheck_collect\notify\logs\local-legacy-server.log
[2026-06-22T10:58:51.939508700] 로컬 레거시 SMS 게이트웨이 시작 - port: 9000, log: C:\Users\20200161\Desktop\PreCheck_work\Precheck_project\Precheck_SKSCh1\precheck_collect\notify\logs\local-legacy-server.log
[2026-06-22T11:03:10.583005500] 연결 수락 - /127.0.0.1:62629
[2026-06-22T11:03:10.592972300] [BIND] 수신 - sms_code=01, body_length=0
[2026-06-22T11:03:10.592972300] [SUBMIT] 수신 - sms_code=03, body_length=353
[2026-06-22T11:03:10.592972300]   blank=""
[2026-06-22T11:03:10.592972300]   sms_code="02"
[2026-06-22T11:03:10.592972300]   req_date="20260622110310"
[2026-06-22T11:03:10.592972300]   seq_no="00000001"
[2026-06-22T11:03:10.592972300]   sender_info="130.2.4.12"
[2026-06-22T11:03:10.592972300]   branch_code=""
[2026-06-22T11:03:10.592972300]   term_ip="130.2.4.12"
[2026-06-22T11:03:10.592972300]   recv_phn="01036814834"
[2026-06-22T11:03:10.592972300]   recv_phn_snd=""
[2026-06-22T11:03:10.592972300]   message="[TEST-LOCAL-01] 정상3 경고1 에러0 (00:00~11:03)"
[2026-06-22T11:03:10.592972300]   accnt_no=""
[2026-06-22T11:03:10.592972300]   junin_id=""
[2026-06-22T11:03:10.596714500]   receiver_nm=""
[2026-06-22T11:03:10.596909500]   che_num=""
[2026-06-22T11:03:10.596909500]   order_no=""
[2026-06-22T11:03:10.596909500]   origin_no=""
[2026-06-22T11:03:10.596909500]   che_date=""
[2026-06-22T11:03:10.596909500]   accnt_admin_id=""
[2026-06-22T11:03:10.597906900]   admin_id=""
[2026-06-22T11:03:10.598082]   send_phn=""
[2026-06-22T11:03:10.598082]   recall_phn=""
[2026-06-22T11:03:10.598082]   blank2=""
[2026-06-22T11:03:10.598082]   filler=""
[2026-06-22T11:03:10.598082]   end_marker=OK(0x03)
[2026-06-22T11:03:10.598082] 클라이언트가 연결을 정상 종료함(다음 메시지 없음)
[2026-06-22T11:03:10.599079400] 연결 종료 - /127.0.0.1:62629
[2026-06-22T11:05:11.014511100] 로컬 레거시 SMS 게이트웨이 시작 - port: 9000, log: C:\Users\20200161\Desktop\PreCheck_work\Precheck_project\Precheck_SKSCh1\precheck_collect\notify\logs\local-legacy-server.log
[2026-06-22T11:18:57.039879200] 로컬 레거시 SMS 게이트웨이 시작 - port: 9000, log: C:\Users\20200161\Desktop\PreCheck_work\Precheck_project\Precheck_SKSCh1\precheck_collect\notify\logs\local-legacy-server.log
[2026-06-22T11:21:08.461486200] 연결 수락 - /127.0.0.1:63165
[2026-06-22T11:21:08.466256900] [BIND] 수신 - sms_code=01, body_length=0
[2026-06-22T11:21:08.467259] [SUBMIT] 수신 - sms_code=03, body_length=353
[2026-06-22T11:21:08.467259]   blank=""
[2026-06-22T11:21:08.467259]   sms_code="02"
[2026-06-22T11:21:08.467259]   req_date="20260622112108"
[2026-06-22T11:21:08.467259]   seq_no="00000002"
[2026-06-22T11:21:08.467259]   sender_info="130.2.4.12"
[2026-06-22T11:21:08.467259]   branch_code=""
[2026-06-22T11:21:08.467259]   term_ip="130.2.4.12"
[2026-06-22T11:21:08.467259]   recv_phn="01036814834"
[2026-06-22T11:21:08.467259]   recv_phn_snd=""
[2026-06-22T11:21:08.467259]   message="[TEST-LOCAL-01] 정상0 경고0 에러1 (11:03~11:21)"
[2026-06-22T11:21:08.470354400]   accnt_no=""
[2026-06-22T11:21:08.470354400]   junin_id=""
[2026-06-22T11:21:08.470354400]   receiver_nm=""
[2026-06-22T11:21:08.470354400]   che_num=""
[2026-06-22T11:21:08.470354400]   order_no=""
[2026-06-22T11:21:08.470354400]   origin_no=""
[2026-06-22T11:21:08.470354400]   che_date=""
[2026-06-22T11:21:08.471350500]   accnt_admin_id=""
[2026-06-22T11:21:08.471350500]   admin_id=""
[2026-06-22T11:21:08.471350500]   send_phn=""
[2026-06-22T11:21:08.471350500]   recall_phn=""
[2026-06-22T11:21:08.472347200]   blank2=""
[2026-06-22T11:21:08.472347200]   filler=""
[2026-06-22T11:21:08.472347200]   end_marker=OK(0x03)
[2026-06-22T11:21:08.472347200] 클라이언트가 연결을 정상 종료함(다음 메시지 없음)
[2026-06-22T11:21:08.472347200] 연결 종료 - /127.0.0.1:63165
[2026-06-22T13:13:38.379066900] 로컬 레거시 SMS 게이트웨이 시작 - port: 9000, log: C:\Users\20200161\Desktop\PreCheck_work\Precheck_project\Precheck_SKSCh1\precheck_collect\notify\logs\local-legacy-server.log
[2026-06-22T13:21:59.299797300] 연결 수락 - /127.0.0.1:65416
[2026-06-22T13:21:59.305463200] [BIND] 수신 - sms_code=01, body_length=0
[2026-06-22T13:21:59.306464900] [SUBMIT] 수신 - sms_code=03, body_length=353
[2026-06-22T13:21:59.306464900]   blank=""
[2026-06-22T13:21:59.306464900]   sms_code="02"
[2026-06-22T13:21:59.306464900]   req_date="20260622132159"
[2026-06-22T13:21:59.306464900]   seq_no="00000003"
[2026-06-22T13:21:59.306464900]   sender_info="130.2.4.12"
[2026-06-22T13:21:59.306464900]   branch_code=""
[2026-06-22T13:21:59.306464900]   term_ip="130.2.4.12"
[2026-06-22T13:21:59.306464900]   recv_phn="01036814834"
[2026-06-22T13:21:59.306464900]   recv_phn_snd=""
[2026-06-22T13:21:59.306464900]   message="[TEST-LOCAL-01] 정상2 경고1 에러0 (11:21~13:21)"
[2026-06-22T13:21:59.306464900]   accnt_no=""
[2026-06-22T13:21:59.306464900]   junin_id=""
[2026-06-22T13:21:59.306464900]   receiver_nm=""
[2026-06-22T13:21:59.306464900]   che_num=""
[2026-06-22T13:21:59.306464900]   order_no=""
[2026-06-22T13:21:59.306464900]   origin_no=""
[2026-06-22T13:21:59.306464900]   che_date=""
[2026-06-22T13:21:59.306464900]   accnt_admin_id=""
[2026-06-22T13:21:59.306464900]   admin_id=""
[2026-06-22T13:21:59.306464900]   send_phn=""
[2026-06-22T13:21:59.306464900]   recall_phn=""
[2026-06-22T13:21:59.306464900]   blank2=""
[2026-06-22T13:21:59.306464900]   filler=""
[2026-06-22T13:21:59.306464900]   end_marker=OK(0x03)
[2026-06-22T13:21:59.312560300] 클라이언트가 연결을 정상 종료함(다음 메시지 없음)
[2026-06-22T13:21:59.313031500] 연결 종료 - /127.0.0.1:65416
[2026-06-22T13:27:59.414193100] 연결 수락 - /127.0.0.1:49231
[2026-06-22T13:27:59.414193100] [BIND] 수신 - sms_code=01, body_length=0
[2026-06-22T13:27:59.415189200] [SUBMIT] 수신 - sms_code=03, body_length=353
[2026-06-22T13:27:59.416186200]   blank=""
[2026-06-22T13:27:59.416186200]   sms_code="02"
[2026-06-22T13:27:59.416186200]   req_date="20260622132759"
[2026-06-22T13:27:59.416186200]   seq_no="00000004"
[2026-06-22T13:27:59.416186200]   sender_info="130.2.4.12"
[2026-06-22T13:27:59.417181300]   branch_code=""
[2026-06-22T13:27:59.417181300]   term_ip="130.2.4.12"
[2026-06-22T13:27:59.417181300]   recv_phn="01036814834"
[2026-06-22T13:27:59.417181300]   recv_phn_snd=""
[2026-06-22T13:27:59.418178800]   message="[TEST-LOCAL-01] 정상0 경고0 에러1 (13:21~13:27)"
[2026-06-22T13:27:59.418178800]   accnt_no=""
[2026-06-22T13:27:59.418178800]   junin_id=""
[2026-06-22T13:27:59.418178800]   receiver_nm=""
[2026-06-22T13:27:59.418178800]   che_num=""
[2026-06-22T13:27:59.418178800]   order_no=""
[2026-06-22T13:27:59.418178800]   origin_no=""
[2026-06-22T13:27:59.418178800]   che_date=""
[2026-06-22T13:27:59.419175300]   accnt_admin_id=""
[2026-06-22T13:27:59.419175300]   admin_id=""
[2026-06-22T13:27:59.419175300]   send_phn=""
[2026-06-22T13:27:59.419175300]   recall_phn=""
[2026-06-22T13:27:59.419175300]   blank2=""
[2026-06-22T13:27:59.419175300]   filler=""
[2026-06-22T13:27:59.419175300]   end_marker=OK(0x03)
[2026-06-22T13:27:59.419175300] 클라이언트가 연결을 정상 종료함(다음 메시지 없음)
[2026-06-22T13:27:59.419175300] 연결 종료 - /127.0.0.1:49231
[2026-06-22T15:23:01.489626700] 연결 수락 - /127.0.0.1:50946
[2026-06-22T15:23:01.490273600] [BIND] 수신 - sms_code=01, body_length=0
[2026-06-22T15:23:01.493302600] [SUBMIT] 수신 - sms_code=03, body_length=353
[2026-06-22T15:23:01.494273800]   blank=""
[2026-06-22T15:23:01.494273800]   sms_code="02"
[2026-06-22T15:23:01.494273800]   req_date="20260622152301"
[2026-06-22T15:23:01.494273800]   seq_no="00000005"
[2026-06-22T15:23:01.494273800]   sender_info="130.2.4.12"
[2026-06-22T15:23:01.494273800]   branch_code=""
[2026-06-22T15:23:01.495257300]   term_ip="130.2.4.12"
[2026-06-22T15:23:01.495257300]   recv_phn="01036814834"
[2026-06-22T15:23:01.495821700]   recv_phn_snd=""
[2026-06-22T15:23:01.495821700]   message="[TEST-LOCAL-01] 정상0 경고0 에러2 (13:27~15:23)"
[2026-06-22T15:23:01.496238900]   accnt_no=""
[2026-06-22T15:23:01.496238900]   junin_id=""
[2026-06-22T15:23:01.496238900]   receiver_nm=""
[2026-06-22T15:23:01.496238900]   che_num=""
[2026-06-22T15:23:01.496238900]   order_no=""
[2026-06-22T15:23:01.496238900]   origin_no=""
[2026-06-22T15:23:01.496238900]   che_date=""
[2026-06-22T15:23:01.496238900]   accnt_admin_id=""
[2026-06-22T15:23:01.497236200]   admin_id=""
[2026-06-22T15:23:01.497236200]   send_phn=""
[2026-06-22T15:23:01.497236200]   recall_phn=""
[2026-06-22T15:23:01.497236200]   blank2=""
[2026-06-22T15:23:01.497236200]   filler=""
[2026-06-22T15:23:01.497236200]   end_marker=OK(0x03)
[2026-06-22T15:23:01.497236200] 클라이언트가 연결을 정상 종료함(다음 메시지 없음)
[2026-06-22T15:23:01.497236200] 연결 종료 - /127.0.0.1:50946
[2026-06-22T17:55:03.621494700] 연결 수락 - /127.0.0.1:55965
[2026-06-22T17:55:03.621494700] [BIND] 수신 - sms_code=01, body_length=0
[2026-06-22T17:55:03.626712800] [SUBMIT] 수신 - sms_code=03, body_length=353
[2026-06-22T17:55:03.626712800]   blank=""
[2026-06-22T17:55:03.626712800]   sms_code="02"
[2026-06-22T17:55:03.626712800]   req_date="20260622175503"
[2026-06-22T17:55:03.627331300]   seq_no="00000006"
[2026-06-22T17:55:03.627331300]   sender_info="130.2.4.12"
[2026-06-22T17:55:03.627331300]   branch_code=""
[2026-06-22T17:55:03.627331300]   term_ip="130.2.4.12"
[2026-06-22T17:55:03.627331300]   recv_phn="01036814834"
[2026-06-22T17:55:03.627331300]   recv_phn_snd=""
[2026-06-22T17:55:03.628328500]   message="[dlprem01] 정상2 경고0 에러1 (17:53~17:55)"
[2026-06-22T17:55:03.628328500]   accnt_no=""
[2026-06-22T17:55:03.628328500]   junin_id=""
[2026-06-22T17:55:03.628328500]   receiver_nm=""
[2026-06-22T17:55:03.628328500]   che_num=""
[2026-06-22T17:55:03.628328500]   order_no=""
[2026-06-22T17:55:03.629325800]   origin_no=""
[2026-06-22T17:55:03.629325800]   che_date=""
[2026-06-22T17:55:03.629325800]   accnt_admin_id=""
[2026-06-22T17:55:03.629325800]   admin_id=""
[2026-06-22T17:55:03.629325800]   send_phn=""
[2026-06-22T17:55:03.629325800]   recall_phn=""
[2026-06-22T17:55:03.630321400]   blank2=""
[2026-06-22T17:55:03.630321400]   filler=""
[2026-06-22T17:55:03.630321400]   end_marker=OK(0x03)
[2026-06-22T17:55:03.630321400] 클라이언트가 연결을 정상 종료함(다음 메시지 없음)
[2026-06-22T17:55:03.630321400] 연결 종료 - /127.0.0.1:55965
[2026-06-23T16:22:25.391004600] 로컬 레거시 SMS 게이트웨이 시작 - port: 9000, log: C:\Users\20200161\Desktop\PreCheck_work\Precheck_project\Precheck_SKSCh1\precheck_collect\notify\logs\local-legacy-server.log
[2026-06-23T17:19:38.004280900] 연결 수락 - /127.0.0.1:57940
[2026-06-23T17:19:38.009265] [BIND] 수신 - sms_code=01, body_length=0
[2026-06-23T17:19:38.009265] [SUBMIT] 수신 - sms_code=03, body_length=353
[2026-06-23T17:19:38.010261]   blank=""
[2026-06-23T17:19:38.010261]   sms_code="02"
[2026-06-23T17:19:38.010261]   req_date="20260623171938"
[2026-06-23T17:19:38.010261]   seq_no="00000007"
[2026-06-23T17:19:38.011257700]   sender_info="130.2.4.12"
[2026-06-23T17:19:38.011257700]   branch_code=""
[2026-06-23T17:19:38.011257700]   term_ip="130.2.4.12"
[2026-06-23T17:19:38.011257700]   recv_phn="01036814834"
[2026-06-23T17:19:38.011257700]   recv_phn_snd=""
[2026-06-23T17:19:38.011257700]   message="[ddfep01-해외시세] 정상16 경고0 에러1 (17:17~17:19)"
[2026-06-23T17:19:38.011257700]   accnt_no=""
[2026-06-23T17:19:38.011257700]   junin_id=""
[2026-06-23T17:19:38.012254500]   receiver_nm=""
[2026-06-23T17:19:38.012254500]   che_num=""
[2026-06-23T17:19:38.012254500]   order_no=""
[2026-06-23T17:19:38.012254500]   origin_no=""
[2026-06-23T17:19:38.012254500]   che_date=""
[2026-06-23T17:19:38.012254500]   accnt_admin_id=""
[2026-06-23T17:19:38.012254500]   admin_id=""
[2026-06-23T17:19:38.012254500]   send_phn=""
[2026-06-23T17:19:38.013251]   recall_phn=""
[2026-06-23T17:19:38.013251]   blank2=""
[2026-06-23T17:19:38.013251]   filler=""
[2026-06-23T17:19:38.013251]   end_marker=OK(0x03)
[2026-06-23T17:19:38.013251] [SUBMIT] 수신 - sms_code=03, body_length=353
[2026-06-23T17:19:38.013251]   blank=""
[2026-06-23T17:19:38.013251]   sms_code="02"
[2026-06-23T17:19:38.013251]   req_date="20260623171938"
[2026-06-23T17:19:38.013251]   seq_no="00000008"
[2026-06-23T17:19:38.014248]   sender_info="130.2.4.12"
[2026-06-23T17:19:38.014248]   branch_code=""
[2026-06-23T17:19:38.014248]   term_ip="130.2.4.12"
[2026-06-23T17:19:38.014248]   recv_phn="01036814834"
[2026-06-23T17:19:38.014248]   recv_phn_snd=""
[2026-06-23T17:19:38.014248]   message="[dlprem01-테스트개발] 정상15 경고3 에러0 (17:17~17:19)"
[2026-06-23T17:19:38.014248]   accnt_no=""
[2026-06-23T17:19:38.014248]   junin_id=""
[2026-06-23T17:19:38.014248]   receiver_nm=""
[2026-06-23T17:19:38.014248]   che_num=""
[2026-06-23T17:19:38.015244600]   order_no=""
[2026-06-23T17:19:38.015244600]   origin_no=""
[2026-06-23T17:19:38.015244600]   che_date=""
[2026-06-23T17:19:38.015244600]   accnt_admin_id=""
[2026-06-23T17:19:38.015244600]   admin_id=""
[2026-06-23T17:19:38.015244600]   send_phn=""
[2026-06-23T17:19:38.015244600]   recall_phn=""
[2026-06-23T17:19:38.015244600]   blank2=""
[2026-06-23T17:19:38.015244600]   filler=""
[2026-06-23T17:19:38.015244600]   end_marker=OK(0x03)
[2026-06-23T17:19:38.015244600] [SUBMIT] 수신 - sms_code=03, body_length=353
[2026-06-23T17:19:38.015244600]   blank=""
[2026-06-23T17:19:38.016240900]   sms_code="02"
[2026-06-23T17:19:38.016240900]   req_date="20260623171938"
[2026-06-23T17:19:38.016240900]   seq_no="00000009"
[2026-06-23T17:19:38.016240900]   sender_info="130.2.4.12"
[2026-06-23T17:19:38.016240900]   branch_code=""
[2026-06-23T17:19:38.016240900]   term_ip="130.2.4.12"
[2026-06-23T17:19:38.016240900]   recv_phn="01036814834"
[2026-06-23T17:19:38.016240900]   recv_phn_snd=""
[2026-06-23T17:19:38.016240900]   message="[pamoap01-자동주문] 정상9 경고0 에러1 (17:17~17:19)"
[2026-06-23T17:19:38.016240900]   accnt_no=""
[2026-06-23T17:19:38.016240900]   junin_id=""
[2026-06-23T17:19:38.017237400]   receiver_nm=""
[2026-06-23T17:19:38.017237400]   che_num=""
[2026-06-23T17:19:38.017237400]   order_no=""
[2026-06-23T17:19:38.017237400]   origin_no=""
[2026-06-23T17:19:38.017237400]   che_date=""
[2026-06-23T17:19:38.017237400]   accnt_admin_id=""
[2026-06-23T17:19:38.017237400]   admin_id=""
[2026-06-23T17:19:38.017237400]   send_phn=""
[2026-06-23T17:19:38.017237400]   recall_phn=""
[2026-06-23T17:19:38.017237400]   blank2=""
[2026-06-23T17:19:38.017237400]   filler=""
[2026-06-23T17:19:38.018234700]   end_marker=OK(0x03)
[2026-06-23T17:19:38.018234700] [SUBMIT] 수신 - sms_code=03, body_length=353
[2026-06-23T17:19:38.018234700]   blank=""
[2026-06-23T17:19:38.018234700]   sms_code="02"
[2026-06-23T17:19:38.018234700]   req_date="20260623171938"
[2026-06-23T17:19:38.018234700]   seq_no="00000010"
[2026-06-23T17:19:38.018234700]   sender_info="130.2.4.12"
[2026-06-23T17:19:38.018234700]   branch_code=""
[2026-06-23T17:19:38.018234700]   term_ip="130.2.4.12"
[2026-06-23T17:19:38.018234700]   recv_phn="01036814834"
[2026-06-23T17:19:38.019231300]   recv_phn_snd=""
[2026-06-23T17:19:38.019231300]   message="[pjpsap01-주파수클럽] 정상9 경고1 에러0 (17:17~17:19)"
[2026-06-23T17:19:38.019231300]   accnt_no=""
[2026-06-23T17:19:38.019231300]   junin_id=""
[2026-06-23T17:19:38.019231300]   receiver_nm=""
[2026-06-23T17:19:38.019231300]   che_num=""
[2026-06-23T17:19:38.019231300]   order_no=""
[2026-06-23T17:19:38.019231300]   origin_no=""
[2026-06-23T17:19:38.019231300]   che_date=""
[2026-06-23T17:19:38.019231300]   accnt_admin_id=""
[2026-06-23T17:19:38.019231300]   admin_id=""
[2026-06-23T17:19:38.019231300]   send_phn=""
[2026-06-23T17:19:38.019231300]   recall_phn=""
[2026-06-23T17:19:38.020227800]   blank2=""
[2026-06-23T17:19:38.020227800]   filler=""
[2026-06-23T17:19:38.020227800]   end_marker=OK(0x03)
[2026-06-23T17:19:38.020227800] [SUBMIT] 수신 - sms_code=03, body_length=353
[2026-06-23T17:19:38.020227800]   blank=""
[2026-06-23T17:19:38.020227800]   sms_code="02"
[2026-06-23T17:19:38.020227800]   req_date="20260623171938"
[2026-06-23T17:19:38.020227800]   seq_no="00000011"
[2026-06-23T17:19:38.020227800]   sender_info="130.2.4.12"
[2026-06-23T17:19:38.020227800]   branch_code=""
[2026-06-23T17:19:38.020227800]   term_ip="130.2.4.12"
[2026-06-23T17:19:38.020227800]   recv_phn="01036814834"
[2026-06-23T17:19:38.020227800]   recv_phn_snd=""
[2026-06-23T17:19:38.021224200]   message="[pmaster2-마스터] 정상169 경고25 에러2 (17:17~17:19)"
[2026-06-23T17:19:38.021224200]   accnt_no=""
[2026-06-23T17:19:38.021224200]   junin_id=""
[2026-06-23T17:19:38.021224200]   receiver_nm=""
[2026-06-23T17:19:38.021224200]   che_num=""
[2026-06-23T17:19:38.021224200]   order_no=""
[2026-06-23T17:19:38.021224200]   origin_no=""
[2026-06-23T17:19:38.021224200]   che_date=""
[2026-06-23T17:19:38.021224200]   accnt_admin_id=""
[2026-06-23T17:19:38.021224200]   admin_id=""
[2026-06-23T17:19:38.021224200]   send_phn=""
[2026-06-23T17:19:38.021224200]   recall_phn=""
[2026-06-23T17:19:38.021224200]   blank2=""
[2026-06-23T17:19:38.021224200]   filler=""
[2026-06-23T17:19:38.022221]   end_marker=OK(0x03)
[2026-06-23T17:19:38.022221] [SUBMIT] 수신 - sms_code=03, body_length=353
[2026-06-23T17:19:38.022221]   blank=""
[2026-06-23T17:19:38.022221]   sms_code="02"
[2026-06-23T17:19:38.022221]   req_date="20260623171938"
[2026-06-23T17:19:38.022221]   seq_no="00000012"
[2026-06-23T17:19:38.023217500]   sender_info="130.2.4.12"
[2026-06-23T17:19:38.023217500]   branch_code=""
[2026-06-23T17:19:38.023217500]   term_ip="130.2.4.12"
[2026-06-23T17:19:38.023217500]   recv_phn="01036814834"
[2026-06-23T17:19:38.023217500]   recv_phn_snd=""
[2026-06-23T17:19:38.023217500]   message="[pqgetap2-시세포착2] 정상7 경고2 에러0 (17:17~17:19)"
[2026-06-23T17:19:38.023217500]   accnt_no=""
[2026-06-23T17:19:38.023217500]   junin_id=""
[2026-06-23T17:19:38.023217500]   receiver_nm=""
[2026-06-23T17:19:38.023217500]   che_num=""
[2026-06-23T17:19:38.023217500]   order_no=""
[2026-06-23T17:19:38.023217500]   origin_no=""
[2026-06-23T17:19:38.024214700]   che_date=""
[2026-06-23T17:19:38.024214700]   accnt_admin_id=""
[2026-06-23T17:19:38.024214700]   admin_id=""
[2026-06-23T17:19:38.024214700]   send_phn=""
[2026-06-23T17:19:38.024214700]   recall_phn=""
[2026-06-23T17:19:38.024214700]   blank2=""
[2026-06-23T17:19:38.024214700]   filler=""
[2026-06-23T17:19:38.024214700]   end_marker=OK(0x03)
[2026-06-23T17:19:38.024214700] 클라이언트가 연결을 정상 종료함(다음 메시지 없음)
[2026-06-23T17:19:38.024214700] 연결 종료 - /127.0.0.1:57940
